0 verbose cli [ '/usr/bin/node', '/usr/bin/npm', 'run', 'watch' ]
1 info using npm@8.5.1
2 info using node@v12.22.9
3 timing npm:load:whichnode Completed in 1ms
4 timing config:load:defaults Completed in 1ms
5 timing config:load:file:/usr/share/nodejs/npm/npmrc Completed in 1ms
6 timing config:load:builtin Completed in 1ms
7 timing config:load:cli Completed in 1ms
8 timing config:load:env Completed in 1ms
9 timing config:load:project Completed in 1ms
10 timing config:load:file:/home/kdh/.npmrc Completed in 0ms
11 timing config:load:user Completed in 0ms
12 timing config:load:file:/etc/npmrc Completed in 0ms
13 timing config:load:global Completed in 0ms
14 timing config:load:validate Completed in 0ms
15 timing config:load:credentials Completed in 1ms
16 timing config:load:setEnvs Completed in 0ms
17 timing config:load Completed in 6ms
18 timing npm:load:configload Completed in 6ms
19 timing npm:load:setTitle Completed in 1ms
20 timing config:load:flatten Completed in 2ms
21 timing npm:load:display Completed in 3ms
22 verbose logfile /home/kdh/.npm/_logs/2023-03-02T05_42_34_069Z-debug-0.log
23 timing npm:load:logFile Completed in 3ms
24 timing npm:load:timers Completed in 1ms
25 timing npm:load:configScope Completed in 0ms
26 timing npm:load Completed in 15ms
27 silly logfile start cleaning logs, removing 1 files
28 timing command:run Completed in 3ms
29 verbose stack Error: Missing script: "watch"
29 verbose stack
29 verbose stack To see a list of scripts, run:
29 verbose stack   npm run
29 verbose stack     at RunScript.run (/usr/share/nodejs/npm/lib/commands/run-script.js:95:13)
29 verbose stack     at async module.exports (/usr/share/nodejs/npm/lib/cli.js:66:5)
30 verbose cwd /home/kdh
31 verbose Linux 5.15.0-60-generic
32 verbose argv "/usr/bin/node" "/usr/bin/npm" "run" "watch"
33 verbose node v12.22.9
34 verbose npm  v8.5.1
35 error Missing script: "watch"
35 error
35 error To see a list of scripts, run:
35 error   npm run
36 verbose exit 1
37 timing npm Completed in 104ms
38 verbose code 1
39 error A complete log of this run can be found in:
39 error     /home/kdh/.npm/_logs/2023-03-02T05_42_34_069Z-debug-0.log
