0 verbose cli [ '/usr/bin/node', '/usr/bin/npm', 'run', 'dev' ]
1 info using npm@8.5.1
2 info using node@v12.22.9
3 timing npm:load:whichnode Completed in 0ms
4 timing config:load:defaults Completed in 1ms
5 timing config:load:file:/usr/share/nodejs/npm/npmrc Completed in 1ms
6 timing config:load:builtin Completed in 1ms
7 timing config:load:cli Completed in 1ms
8 timing config:load:env Completed in 0ms
9 timing config:load:project Completed in 1ms
10 timing config:load:file:/home/kdh/.npmrc Completed in 0ms
11 timing config:load:user Completed in 1ms
12 timing config:load:file:/etc/npmrc Completed in 0ms
13 timing config:load:global Completed in 0ms
14 timing config:load:validate Completed in 0ms
15 timing config:load:credentials Completed in 0ms
16 timing config:load:setEnvs Completed in 1ms
17 timing config:load Completed in 6ms
18 timing npm:load:configload Completed in 7ms
19 timing npm:load:setTitle Completed in 0ms
20 timing config:load:flatten Completed in 2ms
21 timing npm:load:display Completed in 3ms
22 verbose logfile /home/kdh/.npm/_logs/2023-03-02T05_46_41_787Z-debug-0.log
23 timing npm:load:logFile Completed in 4ms
24 timing npm:load:timers Completed in 0ms
25 timing npm:load:configScope Completed in 0ms
26 timing npm:load Completed in 14ms
27 silly logfile start cleaning logs, removing 2 files
28 timing command:run Completed in 2ms
29 verbose stack Error: ENOENT: no such file or directory, open '/home/kdh/package.json'
30 verbose cwd /home/kdh
31 verbose Linux 5.15.0-60-generic
32 verbose argv "/usr/bin/node" "/usr/bin/npm" "run" "dev"
33 verbose node v12.22.9
34 verbose npm  v8.5.1
35 error code ENOENT
36 error syscall open
37 error path /home/kdh/package.json
38 error errno -2
39 error enoent ENOENT: no such file or directory, open '/home/kdh/package.json'
40 error enoent This is related to npm not being able to find a file.
40 error enoent
41 verbose exit -2
42 timing npm Completed in 101ms
43 verbose code -2
44 error A complete log of this run can be found in:
44 error     /home/kdh/.npm/_logs/2023-03-02T05_46_41_787Z-debug-0.log
